<?xml version="1.0" encoding="utf-8"?><testsuites name="pytest tests"><testsuite name="pytest" errors="0" failures="0" skipped="0" tests="22" time="9.591" timestamp="2026-04-18T03:08:46.840643+00:00" hostname="agent-env-6befbbcf-6157-4754-b047-1ef5c9333a24"><testcase classname="tests.test_ocean2joy_api.TestAPIHealth" name="test_api_root_returns_status" time="0.211" /><testcase classname="tests.test_ocean2joy_api.TestAPIHealth" name="test_health_endpoint" time="0.115" /><testcase classname="tests.test_ocean2joy_api.TestAuthEndpoints" name="test_login_admin_success" time="0.337" /><testcase classname="tests.test_ocean2joy_api.TestAuthEndpoints" name="test_login_client_success" time="0.329" /><testcase classname="tests.test_ocean2joy_api.TestAuthEndpoints" name="test_login_invalid_credentials" time="0.119" /><testcase classname="tests.test_ocean2joy_api.TestAuthEndpoints" name="test_register_new_user" time="0.351" /><testcase classname="tests.test_ocean2joy_api.TestAuthEndpoints" name="test_register_duplicate_email" time="0.104" /><testcase classname="tests.test_ocean2joy_api.TestAuthEndpoints" name="test_me_endpoint_authenticated" time="0.387" /><testcase classname="tests.test_ocean2joy_api.TestAuthEndpoints" name="test_me_endpoint_unauthenticated" time="0.116" /><testcase classname="tests.test_ocean2joy_api.TestAuthEndpoints" name="test_logout" time="0.386" /><testcase classname="tests.test_ocean2joy_api.TestProjectEndpoints" name="test_create_project" time="0.379" /><testcase classname="tests.test_ocean2joy_api.TestProjectEndpoints" name="test_list_projects" time="0.383" /><testcase classname="tests.test_ocean2joy_api.TestProjectEndpoints" name="test_get_project_details" time="0.445" /><testcase classname="tests.test_ocean2joy_api.TestProjectEndpoints" name="test_get_project_not_found" time="0.383" /><testcase classname="tests.test_ocean2joy_api.TestProjectEndpoints" name="test_advance_stage_admin_only" time="0.960" /><testcase classname="tests.test_ocean2joy_api.TestMessageEndpoints" name="test_send_message" time="0.458" /><testcase classname="tests.test_ocean2joy_api.TestMessageEndpoints" name="test_get_messages" time="0.478" /><testcase classname="tests.test_ocean2joy_api.TestDocumentEndpoints" name="test_list_documents" time="0.671" /><testcase classname="tests.test_ocean2joy_api.TestDocumentEndpoints" name="test_get_document_txt" time="0.666" /><testcase classname="tests.test_ocean2joy_api.TestDocumentEndpoints" name="test_get_document_html" time="0.598" /><testcase classname="tests.test_ocean2joy_api.TestDocumentEndpoints" name="test_get_document_pdf" time="1.028" /><testcase classname="tests.test_ocean2joy_api.TestDocumentEndpoints" name="test_get_document_invalid_type" time="0.603" /></testsuite></testsuites>