<?xml version="1.0" encoding="utf-8"?><testsuites name="pytest tests"><testsuite name="pytest" errors="0" failures="0" skipped="0" tests="22" time="10.494" timestamp="2026-04-18T06:08:33.444722+00:00" hostname="agent-env-6befbbcf-6157-4754-b047-1ef5c9333a24"><testcase classname="backend.tests.test_ocean2joy_api.TestAPIHealth" name="test_api_root_returns_status" time="0.258" /><testcase classname="backend.tests.test_ocean2joy_api.TestAPIHealth" name="test_health_endpoint" time="0.153" /><testcase classname="backend.tests.test_ocean2joy_api.TestAuthEndpoints" name="test_login_admin_success" time="0.375" /><testcase classname="backend.tests.test_ocean2joy_api.TestAuthEndpoints" name="test_login_client_success" time="0.326" /><testcase classname="backend.tests.test_ocean2joy_api.TestAuthEndpoints" name="test_login_invalid_credentials" time="0.128" /><testcase classname="backend.tests.test_ocean2joy_api.TestAuthEndpoints" name="test_register_new_user" time="0.336" /><testcase classname="backend.tests.test_ocean2joy_api.TestAuthEndpoints" name="test_register_duplicate_email" time="0.157" /><testcase classname="backend.tests.test_ocean2joy_api.TestAuthEndpoints" name="test_me_endpoint_authenticated" time="0.426" /><testcase classname="backend.tests.test_ocean2joy_api.TestAuthEndpoints" name="test_me_endpoint_unauthenticated" time="0.105" /><testcase classname="backend.tests.test_ocean2joy_api.TestAuthEndpoints" name="test_logout" time="0.372" /><testcase classname="backend.tests.test_ocean2joy_api.TestProjectEndpoints" name="test_create_project" time="0.403" /><testcase classname="backend.tests.test_ocean2joy_api.TestProjectEndpoints" name="test_list_projects" time="0.398" /><testcase classname="backend.tests.test_ocean2joy_api.TestProjectEndpoints" name="test_get_project_details" time="0.442" /><testcase classname="backend.tests.test_ocean2joy_api.TestProjectEndpoints" name="test_get_project_not_found" time="0.421" /><testcase classname="backend.tests.test_ocean2joy_api.TestProjectEndpoints" name="test_advance_stage_admin_only" time="0.813" /><testcase classname="backend.tests.test_ocean2joy_api.TestMessageEndpoints" name="test_send_message" time="0.462" /><testcase classname="backend.tests.test_ocean2joy_api.TestMessageEndpoints" name="test_get_messages" time="0.465" /><testcase classname="backend.tests.test_ocean2joy_api.TestDocumentEndpoints" name="test_list_documents" time="0.617" /><testcase classname="backend.tests.test_ocean2joy_api.TestDocumentEndpoints" name="test_get_document_txt" time="0.552" /><testcase classname="backend.tests.test_ocean2joy_api.TestDocumentEndpoints" name="test_get_document_html" time="0.567" /><testcase classname="backend.tests.test_ocean2joy_api.TestDocumentEndpoints" name="test_get_document_pdf" time="1.935" /><testcase classname="backend.tests.test_ocean2joy_api.TestDocumentEndpoints" name="test_get_document_invalid_type" time="0.566" /></testsuite></testsuites>