<?xml version="1.0" encoding="utf-8"?><testsuites name="pytest tests"><testsuite name="pytest" errors="0" failures="0" skipped="0" tests="16" time="6.144" timestamp="2026-04-18T14:46:51.416265+00:00" hostname="agent-env-6befbbcf-6157-4754-b047-1ef5c9333a24"><testcase classname="backend.tests.test_operational_chain_e2e.TestPaymentSettings" name="test_payment_settings_returns_correct_paypal_email" time="0.251" /><testcase classname="backend.tests.test_operational_chain_e2e.TestProjectCreation" name="test_create_project_generates_correct_number_format" time="0.394" /><testcase classname="backend.tests.test_operational_chain_e2e.TestRoleValidation" name="test_client_cannot_access_admin_endpoints" time="0.198" /><testcase classname="backend.tests.test_operational_chain_e2e.TestRoleValidation" name="test_admin_cannot_access_client_endpoints_for_non_owned_project" time="0.518" /><testcase classname="backend.tests.test_operational_chain_e2e.TestStageGating" name="test_cannot_send_invoice_before_order_activated" time="0.104" /><testcase classname="backend.tests.test_operational_chain_e2e.TestStageGating" name="test_cannot_sign_invoice_before_invoice_sent" time="0.103" /><testcase classname="backend.tests.test_operational_chain_e2e.TestStageGating" name="test_cannot_start_production_before_invoice_signed" time="0.225" /><testcase classname="backend.tests.test_operational_chain_e2e.TestStageGating" name="test_cannot_mark_delivered_without_deliverables" time="0.329" /><testcase classname="backend.tests.test_operational_chain_e2e.TestFullOperationalChain" name="test_full_12_stage_flow" time="1.224" /><testcase classname="backend.tests.test_operational_chain_e2e.TestDeliverables" name="test_client_cannot_upload_deliverable" time="0.371" /><testcase classname="backend.tests.test_operational_chain_e2e.TestDeliverables" name="test_admin_can_upload_deliverable" time="0.401" /><testcase classname="backend.tests.test_operational_chain_e2e.TestDeliverables" name="test_cannot_delete_deliverable_after_delivered" time="0.448" /><testcase classname="backend.tests.test_operational_chain_e2e.TestDocumentGeneration" name="test_document_number_format" time="0.170" /><testcase classname="backend.tests.test_operational_chain_e2e.TestDocumentGeneration" name="test_pdf_document_generation" time="0.761" /><testcase classname="backend.tests.test_operational_chain_e2e.TestChatMessages" name="test_messages_are_project_isolated" time="0.292" /><testcase classname="backend.tests.test_operational_chain_e2e.TestDuplicateActionPrevention" name="test_cannot_activate_order_twice" time="0.195" /></testsuite></testsuites>