<?xml version="1.0" encoding="utf-8"?><testsuites name="pytest tests"><testsuite name="pytest" errors="0" failures="0" skipped="0" tests="16" time="4.249" timestamp="2026-04-22T09:31:22.388604+00:00" hostname="agent-env-70705d3e-d954-4a89-af1f-6f1e51d1e56b"><testcase classname="backend.tests.test_demo_videos.TestPublicDemoVideos" name="test_public_list_returns_seeded_sorted" time="0.260" /><testcase classname="backend.tests.test_demo_videos.TestPublicDemoVideos" name="test_streaming_404_for_static_seeded" time="0.254" /><testcase classname="backend.tests.test_demo_videos.TestAdminAuth" name="test_admin_list_unauth" time="0.133" /><testcase classname="backend.tests.test_demo_videos.TestAdminAuth" name="test_admin_list_client_forbidden" time="0.408" /><testcase classname="backend.tests.test_demo_videos.TestAdminAuth" name="test_admin_list_ok" time="0.399" /><testcase classname="backend.tests.test_demo_videos.TestDemoVideoCRUD" name="test_created_record_appears_in_public_list_with_stream_urls" time="0.167" /><testcase classname="backend.tests.test_demo_videos.TestDemoVideoCRUD" name="test_stream_video_200_mp4" time="0.126" /><testcase classname="backend.tests.test_demo_videos.TestDemoVideoCRUD" name="test_stream_poster_200_image" time="0.120" /><testcase classname="backend.tests.test_demo_videos.TestDemoVideoCRUD" name="test_update_metadata" time="0.133" /><testcase classname="backend.tests.test_demo_videos.TestDemoVideoCRUD" name="test_replace_video_file" time="0.177" /><testcase classname="backend.tests.test_demo_videos.TestDemoVideoCRUD" name="test_replace_poster" time="0.176" /><testcase classname="backend.tests.test_demo_videos.TestDemoVideoCRUD" name="test_reorder" time="0.189" /><testcase classname="backend.tests.test_demo_videos.TestValidation" name="test_poster_size_cap_returns_413" time="1.086" /><testcase classname="backend.tests.test_demo_videos.TestValidation" name="test_bad_video_extension_returns_400" time="0.065" /><testcase classname="backend.tests.test_demo_videos.TestValidation" name="test_delete_nonexistent_returns_404" time="0.060" /><testcase classname="backend.tests.test_demo_videos.TestDelete" name="test_create_then_delete_removes_from_list" time="0.407" /></testsuite></testsuites>