<?xml version="1.0" encoding="utf-8"?><testsuites name="pytest tests"><testsuite name="pytest" errors="0" failures="0" skipped="0" tests="12" time="4.043" timestamp="2026-04-23T12:12:56.735856+00:00" hostname="agent-env-70705d3e-d954-4a89-af1f-6f1e51d1e56b"><testcase classname="backend.tests.test_v2_content_directive.TestPoliciesContent" name="test_all_policies_have_substantive_version_date" time="0.672" /><testcase classname="backend.tests.test_v2_content_directive.TestPoliciesContent" name="test_terms_section_3_labels_and_utc_note" time="0.113" /><testcase classname="backend.tests.test_v2_content_directive.TestPoliciesContent" name="test_terms_section_12_substantive_version" time="0.112" /><testcase classname="backend.tests.test_v2_content_directive.TestPoliciesContent" name="test_digital_delivery_no_third_party_storage_names" time="0.108" /><testcase classname="backend.tests.test_v2_content_directive.TestPoliciesContent" name="test_refund_stage_11_heading" time="0.116" /><testcase classname="backend.tests.test_v2_content_directive.TestPoliciesContent" name="test_privacy_section_9_and_10" time="0.116" /><testcase classname="backend.tests.test_v2_content_directive.TestOperationalChainStageLabels" name="test_stages_10_11_display_names_in_timeline" time="0.483" /><testcase classname="backend.tests.test_v2_content_directive.TestPatchServiceType" name="test_patch_service_type_valid_before_invoice" time="0.209" /><testcase classname="backend.tests.test_v2_content_directive.TestPatchServiceType" name="test_patch_service_type_invalid" time="0.112" /><testcase classname="backend.tests.test_v2_content_directive.TestPatchServiceType" name="test_patch_service_type_after_invoice_sent_is_blocked" time="0.567" /><testcase classname="backend.tests.test_v2_content_directive.TestInvoiceWording" name="test_invoice_pdf_contains_new_stage_labels_and_report_payment" time="1.346" /><testcase classname="backend.tests.test_v2_content_directive.TestInvoiceWording" name="test_payment_instructions_doc_uses_report_payment_wording" time="0.002" /></testsuite></testsuites>